0 info it worked if it ends with ok
1 verbose cli [ 'C:\\Program Files\\nodejs\\\\node.exe',
1 verbose cli   'C:\\Program Files\\nodejs\\node_modules\\npm\\bin\\npm-cli.js',
1 verbose cli   'install',
1 verbose cli   '--save',
1 verbose cli   'https://github.com/fresheneesz/nodejsUtils/tarball/b3ca5f0c69b608c64efe9ed7512e9b0868bdc31a' ]
2 info using npm@1.3.8
3 info using node@v0.10.18
4 verbose node symlink C:\Program Files\nodejs\\node.exe
5 error Failed to parse json
5 error Unexpected token /
6 error File: C:\Users\billy\Desktop\Stuff\git\experiments\node.js\nonNpmModules\package.json
7 error Failed to parse package.json data.
7 error package.json must be actual JSON, not just JavaScript.
7 error
7 error This is not a bug in npm.
7 error Tell the package author to fix their package.json file. JSON.parse
8 error System Windows_NT 6.2.9200
9 error command "C:\\Program Files\\nodejs\\\\node.exe" "C:\\Program Files\\nodejs\\node_modules\\npm\\bin\\npm-cli.js" "install" "--save" "https://github.com/fresheneesz/nodejsUtils/tarball/b3ca5f0c69b608c64efe9ed7512e9b0868bdc31a"
10 error cwd C:\Users\billy\Desktop\Stuff\git\experiments\node.js\nonNpmModules
11 error node -v v0.10.18
12 error npm -v 1.3.8
13 error file C:\Users\billy\Desktop\Stuff\git\experiments\node.js\nonNpmModules\package.json
14 error code EJSONPARSE
15 verbose exit [ 1, true ]
