[Sat Sep 28 14:17:36 PDT 2013] java.io.IOException: Failed to get version
	at org.chromium.sdk.internal.v8native.JavascriptVmImpl.newIOException(JavascriptVmImpl.java:93)
	at org.chromium.sdk.internal.standalonev8.StandaloneVmImpl.attachImpl(StandaloneVmImpl.java:131)
	at org.chromium.sdk.internal.standalonev8.StandaloneVmImpl.attach(StandaloneVmImpl.java:78)
	at com.aptana.js.debug.core.v8.V8DebugHost.initSession(V8DebugHost.java:1288)
	at com.aptana.js.debug.core.internal.model.AbstractDebugHost.start(AbstractDebugHost.java:199)
	at com.aptana.js.debug.core.v8.V8DebugConnection.createConnection(V8DebugConnection.java:55)
	at com.appcelerator.titanium.mobile.ui.android.launch.AndroidDebugLaunchHelper.initiateDebuggerConnection(AndroidDebugLaunchHelper.java:297)
	at com.appcelerator.titanium.mobile.ui.android.launch.AndroidDebugLaunchHelper.access$0(AndroidDebugLaunchHelper.java:269)
	at com.appcelerator.titanium.mobile.ui.android.launch.AndroidDebugLaunchHelper$1.run(AndroidDebugLaunchHelper.java:99)
	at java.lang.Thread.run(Unknown Source)
Caused by: java.util.concurrent.ExecutionException: java.io.IOException: End of stream
	at java.util.concurrent.FutureTask$Sync.innerGet(Unknown Source)
	at java.util.concurrent.FutureTask.get(Unknown Source)
	at org.chromium.sdk.internal.standalonev8.StandaloneVmImpl.attachImpl(StandaloneVmImpl.java:126)
	... 8 more
Caused by: java.io.IOException: End of stream
	at org.chromium.sdk.internal.transport.Handshaker$StandaloneV8$HandshakeTaks.call(Handshaker.java:118)
	at org.chromium.sdk.internal.transport.Handshaker$StandaloneV8$HandshakeTaks.call(Handshaker.java:1)
	at java.util.concurrent.FutureTask$Sync.innerRun(Unknown Source)
	at java.util.concurrent.FutureTask.run(Unknown Source)
	at org.chromium.sdk.internal.transport.Handshaker$StandaloneV8.perform(Handshaker.java:96)
	at org.chromium.sdk.internal.transport.SocketConnection$ReaderThread.run(SocketConnection.java:156)

[Sat Sep 28 14:48:34 PDT 2013] java.net.SocketTimeoutException: connect timed out
	at java.net.PlainSocketImpl.socketConnect(Native Method)
	at java.net.PlainSocketImpl.doConnect(Unknown Source)
	at java.net.PlainSocketImpl.connectToAddress(Unknown Source)
	at java.net.PlainSocketImpl.connect(Unknown Source)
	at java.net.SocksSocketImpl.connect(Unknown Source)
	at java.net.Socket.connect(Unknown Source)
	at org.chromium.sdk.internal.transport.SocketWrapper.<init>(SocketWrapper.java:37)
	at org.chromium.sdk.internal.transport.SocketConnection.attach(SocketConnection.java:288)
	at org.chromium.sdk.internal.transport.SocketConnection.start(SocketConnection.java:443)
	at org.chromium.sdk.internal.standalonev8.StandaloneVmImpl.attachImpl(StandaloneVmImpl.java:120)
	at org.chromium.sdk.internal.standalonev8.StandaloneVmImpl.attach(StandaloneVmImpl.java:78)
	at com.aptana.js.debug.core.v8.V8DebugHost.initSession(V8DebugHost.java:1288)
	at com.aptana.js.debug.core.internal.model.AbstractDebugHost.start(AbstractDebugHost.java:199)
	at com.aptana.js.debug.core.v8.V8DebugConnection.createConnection(V8DebugConnection.java:55)
	at com.appcelerator.titanium.mobile.ui.android.launch.AndroidDebugLaunchHelper.initiateDebuggerConnection(AndroidDebugLaunchHelper.java:297)
	at com.appcelerator.titanium.mobile.ui.android.launch.AndroidDebugLaunchHelper.access$0(AndroidDebugLaunchHelper.java:269)
	at com.appcelerator.titanium.mobile.ui.android.launch.AndroidDebugLaunchHelper$1.run(AndroidDebugLaunchHelper.java:99)
	at java.lang.Thread.run(Unknown Source)

